<?xml version="1.0" encoding="UTF-8"?>
<!-- Generated by org.testng.reporters.JUnitReportReporter -->
<testsuite hostname="premji" failures="0" tests="4" name="com.ng.stepdef.TestNg" time="214.830" errors="0" timestamp="10 Nov 2022 09:09:11 GMT" skipped="0">
  <testcase classname="com.ng.stepdef.TestNg" name="test1" time="101.272"/>
  <testcase classname="com.ng.stepdef.TestNg" name="test2" time="8.584"/>
  <testcase classname="com.ng.stepdef.TestNg" name="test3" time="9.464"/>
  <testcase classname="com.ng.stepdef.TestNg" name="test4" time="95.510"/>
</testsuite> <!-- com.ng.stepdef.TestNg -->
